[2026-04-14 21:33:37] Git Master: Checking for changes...
[2026-04-14 21:33:37] Git Master: Changes detected. Processing...
[main 6defd2a] ui: auto-update app/components/recruiter/Header.tsx
 1 file changed, 36 insertions(+), 1 deletion(-)
[main 727881b] ui: auto-update app/components/recruiter/Sidebar.tsx
 1 file changed, 1 insertion(+), 1 deletion(-)
[main 9b620b1] feat: auto-update app/globals.css
 1 file changed, 63 insertions(+), 10 deletions(-)
[main 749bef9] refactor: auto-update lib/invites.ts
 1 file changed, 48 insertions(+), 13 deletions(-)
[main 9dcda34] feat: auto-update middleware.ts
 1 file changed, 1 insertion(+), 7 deletions(-)
[main 5ba8659] feat: auto-update tailwind.config.ts
 1 file changed, 1 insertion(+)
[main 3aee0da] feat: auto-update git_master.log
 1 file changed, 14 insertions(+)
 create mode 100644 git_master.log
[2026-04-14 21:33:37] Git Master: Pushing changes...
To https://github.com/anacodz/chayan.git
   c3fbded..3aee0da  main -> main
